<?xml version="1.0" encoding="UTF-8"?>
<!-- Generated by org.testng.reporters.JUnitReportReporter -->
<testsuite hostname="Akash" failures="0" tests="1" name="testCases.TC_001_AccountRegistrationTest" time="1.911" errors="0" timestamp="2023-04-04T10:32:22 IST" skipped="0">
  <testcase classname="testCases.TC_001_AccountRegistrationTest" name="test_account_registration" time="1.911"/>
  <system-out/>
</testsuite> <!-- testCases.TC_001_AccountRegistrationTest -->
