<?xml version="1.0" encoding="UTF-8"?>
<!-- Generated by org.testng.reporters.JUnitReportReporter -->
<testsuite hostname="Akash" failures="0" tests="1" name="testCases.TC_002_AccountLoginTest" time="0.916" errors="0" timestamp="2023-04-04T15:37:46 IST" skipped="0">
  <testcase classname="testCases.TC_002_AccountLoginTest" name="login" time="0.916"/>
  <system-out/>
</testsuite> <!-- testCases.TC_002_AccountLoginTest -->
