<?xml version="1.0" encoding="UTF-8"?>
<!-- Generated by org.testng.reporters.JUnitReportReporter -->
<testsuite hostname="Akash" failures="0" tests="1" name="testCases.TC_002_AccountLoginTest" time="1.167" errors="0" timestamp="2023-04-04T13:34:22 IST" skipped="0">
  <testcase classname="testCases.TC_002_AccountLoginTest" name="login" time="1.167"/>
  <system-out/>
</testsuite> <!-- testCases.TC_002_AccountLoginTest -->
